<?xml version="1.0" encoding="UTF-8"?>
<!-- Generated by org.testng.reporters.JUnitXMLReporter -->
<testsuite ignored="0" hostname="DESKTOP-I6VULTJ" failures="2" tests="11" name="Surefire test" time="11.239" errors="0" timestamp="2025-08-12T16:57:41 IST">
  <testcase classname="testcases.AuthAccessTest" name="getAccessToken" time="6.129"/>
  <testcase classname="testcases.DeleteIdTest" name="deleteById" time="0.411"/>
  <testcase classname="testcases.DeleteIdTest" name="getBooking" time="0.347"/>
  <testcase classname="testcases.DelInvalidIdTest" name="deleteByInvalidId" time="0.46">
    <failure type="java.lang.AssertionError" message="Response must be null!!! expected [null] but found [io.restassured.internal.RestAssuredResponseImpl@2291d9a0]">
      <![CDATA[java.lang.AssertionError: Response must be null!!! expected [null] but found [io.restassured.internal.RestAssuredResponseImpl@2291d9a0]
at testcases.DelInvalidIdTest.deleteByInvalidId(DelInvalidIdTest.java:19)
at java.base/java.util.ArrayList.forEach(ArrayList.java:1596)
... Removed 33 stack frames]]>
    </failure>
  </testcase> <!-- deleteByInvalidId -->
  <testcase classname="testcases.DelInvalidIdTest" name="getBooking" time="0.484"/>
  <testcase classname="testcases.GetIdTest" name="getById" time="0.351"/>
  <testcase classname="testcases.GetInvalidIdTest" name="getByInvalidId" time="0.371">
    <failure type="java.lang.AssertionError" message="Response must be null!!! expected [null] but found [io.restassured.internal.RestAssuredResponseImpl@20801cbb]">
      <![CDATA[java.lang.AssertionError: Response must be null!!! expected [null] but found [io.restassured.internal.RestAssuredResponseImpl@20801cbb]
at testcases.GetInvalidIdTest.getByInvalidId(GetInvalidIdTest.java:19)
at java.base/java.util.ArrayList.forEach(ArrayList.java:1596)
... Removed 33 stack frames]]>
    </failure>
  </testcase> <!-- getByInvalidId -->
  <testcase classname="testcases.GetListTest" name="getList" time="0.359"/>
  <testcase classname="testcases.GetTrainTest" name="getByTrainClass" time="0.341"/>
  <testcase classname="testcases.PostBookingTest" name="getBooking" time="0.443"/>
  <testcase classname="testcases.PostBookingTest" name="postBooking" time="1.316"/>
</testsuite> <!-- Surefire test -->
