<html>
<head>
<title>TestNG:  Surefire test</title>
<link href="../testng.css" rel="stylesheet" type="text/css" />
<link href="../my-testng.css" rel="stylesheet" type="text/css" />

<style type="text/css">
.log { display: none;} 
.stack-trace { display: none;} 
</style>
<script type="text/javascript">
<!--
function flip(e) {
  current = e.style.display;
  if (current == 'block') {
    e.style.display = 'none';
    return 0;
  }
  else {
    e.style.display = 'block';
    return 1;
  }
}

function toggleBox(szDivId, elem, msg1, msg2)
{
  var res = -1;  if (document.getElementById) {
    res = flip(document.getElementById(szDivId));
  }
  else if (document.all) {
    // this is the way old msie versions work
    res = flip(document.all[szDivId]);
  }
  if(elem) {
    if(res == 0) elem.innerHTML = msg1; else elem.innerHTML = msg2;
  }

}

function toggleAllBoxes() {
  if (document.getElementsByTagName) {
    d = document.getElementsByTagName('div');
    for (i = 0; i < d.length; i++) {
      if (d[i].className == 'log') {
        flip(d[i]);
      }
    }
  }
}

// -->
</script>

</head>
<body>
<h2 align='center'>Surefire test</h2><table border='1' align="center">
<tr>
<td>Tests passed/Failed/Skipped:</td><td>9/2/0</td>
</tr><tr>
<td>Started on:</td><td>Tue Aug 12 16:57:30 IST 2025</td>
</tr>
<tr><td>Total time:</td><td>11 seconds (11239 ms)</td>
</tr><tr>
<td>Included groups:</td><td></td>
</tr><tr>
<td>Excluded groups:</td><td></td>
</tr>
</table><p/>
<small><i>(Hover the method name to see the test class name)</i></small><p/>
<table width='100%' border='1' class='invocation-failed'>
<tr><td colspan='4' align='center'><b>FAILED TESTS</b></td></tr>
<tr><td><b>Test method</b></td>
<td><b>Attribute(s)</b></td>
<td width="30%"><b>Exception</b></td>
<td width="10%"><b>Time (seconds)</b></td>
<td><b>Instance</b></td>
</tr>
<tr>
<td title='testcases.DelInvalidIdTest.deleteByInvalidId()'><b>deleteByInvalidId</b><br>Test class: testcases.DelInvalidIdTest<br>Test method: Delete booking data by invalid bookingId<br>Parameters: 909090</td>
<td><div><pre>java.lang.AssertionError: Response must be null!!! expected [null] but found [io.restassured.internal.RestAssuredResponseImpl@2291d9a0]
	at testcases.DelInvalidIdTest.deleteByInvalidId(DelInvalidIdTest.java:19)
	at java.base/java.util.ArrayList.forEach(ArrayList.java:1596)
... Removed 33 stack frames</pre></div><a href='#' onClick='toggleBox("stack-trace117839394", this, "Click to show all stack frames", "Click to hide stack frames")'>Click to show all stack frames</a>
<div class='stack-trace' id='stack-trace117839394'><pre>java.lang.AssertionError: Response must be null!!! expected [null] but found [io.restassured.internal.RestAssuredResponseImpl@2291d9a0]
	at org.testng.Assert.fail(Assert.java:110)
	at org.testng.Assert.failNotSame(Assert.java:1409)
	at org.testng.Assert.assertNull(Assert.java:1342)
	at testcases.DelInvalidIdTest.deleteByInvalidId(DelInvalidIdTest.java:19)
	at java.base/jdk.internal.reflect.DirectMethodHandleAccessor.invoke(DirectMethodHandleAccessor.java:103)
	at java.base/java.lang.reflect.Method.invoke(Method.java:580)
	at org.testng.internal.invokers.MethodInvocationHelper.invokeMethod(MethodInvocationHelper.java:139)
	at org.testng.internal.invokers.TestInvoker.invokeMethod(TestInvoker.java:677)
	at org.testng.internal.invokers.TestInvoker.invokeTestMethod(TestInvoker.java:221)
	at org.testng.internal.invokers.MethodRunner.runInSequence(MethodRunner.java:50)
	at org.testng.internal.invokers.TestInvoker$MethodInvocationAgent.invoke(TestInvoker.java:969)
	at org.testng.internal.invokers.TestInvoker.invokeTestMethods(TestInvoker.java:194)
	at org.testng.internal.invokers.TestMethodWorker.invokeTestMethods(TestMethodWorker.java:148)
	at org.testng.internal.invokers.TestMethodWorker.run(TestMethodWorker.java:128)
	at java.base/java.util.ArrayList.forEach(ArrayList.java:1596)
	at org.testng.TestRunner.privateRun(TestRunner.java:829)
	at org.testng.TestRunner.run(TestRunner.java:602)
	at org.testng.SuiteRunner.runTest(SuiteRunner.java:437)
	at org.testng.SuiteRunner.runSequentially(SuiteRunner.java:431)
	at org.testng.SuiteRunner.privateRun(SuiteRunner.java:391)
	at org.testng.SuiteRunner.run(SuiteRunner.java:330)
	at org.testng.SuiteRunnerWorker.runSuite(SuiteRunnerWorker.java:52)
	at org.testng.SuiteRunnerWorker.run(SuiteRunnerWorker.java:95)
	at org.testng.TestNG.runSuitesSequentially(TestNG.java:1256)
	at org.testng.TestNG.runSuitesLocally(TestNG.java:1176)
	at org.testng.TestNG.runSuites(TestNG.java:1099)
	at org.testng.TestNG.run(TestNG.java:1067)
	at org.apache.maven.surefire.testng.TestNGExecutor.run(TestNGExecutor.java:155)
	at org.apache.maven.surefire.testng.TestNGDirectoryTestSuite.executeMulti(TestNGDirectoryTestSuite.java:169)
	at org.apache.maven.surefire.testng.TestNGDirectoryTestSuite.execute(TestNGDirectoryTestSuite.java:88)
	at org.apache.maven.surefire.testng.TestNGProvider.invoke(TestNGProvider.java:137)
	at org.apache.maven.surefire.booter.ForkedBooter.runSuitesInProcess(ForkedBooter.java:385)
	at org.apache.maven.surefire.booter.ForkedBooter.execute(ForkedBooter.java:162)
	at org.apache.maven.surefire.booter.ForkedBooter.run(ForkedBooter.java:507)
	at org.apache.maven.surefire.booter.ForkedBooter.main(ForkedBooter.java:495)
</pre></div></td>
<td>0</td>
<td>testcases.DelInvalidIdTest@6af93788</td></tr>
<tr>
<td title='testcases.GetInvalidIdTest.getByInvalidId()'><b>getByInvalidId</b><br>Test class: testcases.GetInvalidIdTest<br>Test method: Get booking data by invalid bookingId<br>Parameters: 909090</td>
<td><div><pre>java.lang.AssertionError: Response must be null!!! expected [null] but found [io.restassured.internal.RestAssuredResponseImpl@20801cbb]
	at testcases.GetInvalidIdTest.getByInvalidId(GetInvalidIdTest.java:19)
	at java.base/java.util.ArrayList.forEach(ArrayList.java:1596)
... Removed 33 stack frames</pre></div><a href='#' onClick='toggleBox("stack-trace472124658", this, "Click to show all stack frames", "Click to hide stack frames")'>Click to show all stack frames</a>
<div class='stack-trace' id='stack-trace472124658'><pre>java.lang.AssertionError: Response must be null!!! expected [null] but found [io.restassured.internal.RestAssuredResponseImpl@20801cbb]
	at org.testng.Assert.fail(Assert.java:110)
	at org.testng.Assert.failNotSame(Assert.java:1409)
	at org.testng.Assert.assertNull(Assert.java:1342)
	at testcases.GetInvalidIdTest.getByInvalidId(GetInvalidIdTest.java:19)
	at java.base/jdk.internal.reflect.DirectMethodHandleAccessor.invoke(DirectMethodHandleAccessor.java:103)
	at java.base/java.lang.reflect.Method.invoke(Method.java:580)
	at org.testng.internal.invokers.MethodInvocationHelper.invokeMethod(MethodInvocationHelper.java:139)
	at org.testng.internal.invokers.TestInvoker.invokeMethod(TestInvoker.java:677)
	at org.testng.internal.invokers.TestInvoker.invokeTestMethod(TestInvoker.java:221)
	at org.testng.internal.invokers.MethodRunner.runInSequence(MethodRunner.java:50)
	at org.testng.internal.invokers.TestInvoker$MethodInvocationAgent.invoke(TestInvoker.java:969)
	at org.testng.internal.invokers.TestInvoker.invokeTestMethods(TestInvoker.java:194)
	at org.testng.internal.invokers.TestMethodWorker.invokeTestMethods(TestMethodWorker.java:148)
	at org.testng.internal.invokers.TestMethodWorker.run(TestMethodWorker.java:128)
	at java.base/java.util.ArrayList.forEach(ArrayList.java:1596)
	at org.testng.TestRunner.privateRun(TestRunner.java:829)
	at org.testng.TestRunner.run(TestRunner.java:602)
	at org.testng.SuiteRunner.runTest(SuiteRunner.java:437)
	at org.testng.SuiteRunner.runSequentially(SuiteRunner.java:431)
	at org.testng.SuiteRunner.privateRun(SuiteRunner.java:391)
	at org.testng.SuiteRunner.run(SuiteRunner.java:330)
	at org.testng.SuiteRunnerWorker.runSuite(SuiteRunnerWorker.java:52)
	at org.testng.SuiteRunnerWorker.run(SuiteRunnerWorker.java:95)
	at org.testng.TestNG.runSuitesSequentially(TestNG.java:1256)
	at org.testng.TestNG.runSuitesLocally(TestNG.java:1176)
	at org.testng.TestNG.runSuites(TestNG.java:1099)
	at org.testng.TestNG.run(TestNG.java:1067)
	at org.apache.maven.surefire.testng.TestNGExecutor.run(TestNGExecutor.java:155)
	at org.apache.maven.surefire.testng.TestNGDirectoryTestSuite.executeMulti(TestNGDirectoryTestSuite.java:169)
	at org.apache.maven.surefire.testng.TestNGDirectoryTestSuite.execute(TestNGDirectoryTestSuite.java:88)
	at org.apache.maven.surefire.testng.TestNGProvider.invoke(TestNGProvider.java:137)
	at org.apache.maven.surefire.booter.ForkedBooter.runSuitesInProcess(ForkedBooter.java:385)
	at org.apache.maven.surefire.booter.ForkedBooter.execute(ForkedBooter.java:162)
	at org.apache.maven.surefire.booter.ForkedBooter.run(ForkedBooter.java:507)
	at org.apache.maven.surefire.booter.ForkedBooter.main(ForkedBooter.java:495)
</pre></div></td>
<td>0</td>
<td>testcases.GetInvalidIdTest@36c88a32</td></tr>
</table><p>
<table width='100%' border='1' class='invocation-passed'>
<tr><td colspan='4' align='center'><b>PASSED TESTS</b></td></tr>
<tr><td><b>Test method</b></td>
<td><b>Attribute(s)</b></td>
<td width="30%"><b>Exception</b></td>
<td width="10%"><b>Time (seconds)</b></td>
<td><b>Instance</b></td>
</tr>
<tr>
<td title='testcases.DelInvalidIdTest.getBooking()'><b>getBooking</b><br>Test class: testcases.DelInvalidIdTest<br>Test method: Get bookings data after deletion with invalid booking id</td>
<td></td>
<td>0</td>
<td>testcases.DelInvalidIdTest@6af93788</td></tr>
<tr>
<td title='testcases.AuthAccessTest.getAccessToken()'><b>getAccessToken</b><br>Test class: testcases.AuthAccessTest<br>Test method: To get access_token with valid credentials</td>
<td></td>
<td>6</td>
<td>testcases.AuthAccessTest@4690b489</td></tr>
<tr>
<td title='testcases.GetTrainTest.getByTrainClass()'><b>getByTrainClass</b><br>Test class: testcases.GetTrainTest<br>Test method: Get booking data by trainClass<br>Parameters: THIRDAC</td>
<td></td>
<td>0</td>
<td>testcases.GetTrainTest@5be6e01c</td></tr>
<tr>
<td title='testcases.PostBookingTest.getBooking()'><b>getBooking</b><br>Test class: testcases.PostBookingTest<br>Test method: Get response after adding bookings data</td>
<td></td>
<td>0</td>
<td>testcases.PostBookingTest@1c93084c</td></tr>
<tr>
<td title='testcases.DeleteIdTest.deleteById()'><b>deleteById</b><br>Test class: testcases.DeleteIdTest<br>Test method: Delete booking data by valid bookingId<br>Parameters: 1001</td>
<td></td>
<td>0</td>
<td>testcases.DeleteIdTest@2f7c2f4f</td></tr>
<tr>
<td title='testcases.GetIdTest.getById()'><b>getById</b><br>Test class: testcases.GetIdTest<br>Test method: Get booking data by bookingId<br>Parameters: 1001</td>
<td></td>
<td>0</td>
<td>testcases.GetIdTest@ef9296d</td></tr>
<tr>
<td title='testcases.DeleteIdTest.getBooking()'><b>getBooking</b><br>Test class: testcases.DeleteIdTest<br>Test method: Get bookings data after deletion with valid booking id</td>
<td></td>
<td>0</td>
<td>testcases.DeleteIdTest@2f7c2f4f</td></tr>
<tr>
<td title='testcases.GetListTest.getList()'><b>getList</b><br>Test class: testcases.GetListTest<br>Test method: Get the bookings data from train API</td>
<td></td>
<td>0</td>
<td>testcases.GetListTest@7880cdf3</td></tr>
<tr>
<td title='testcases.PostBookingTest.postBooking()'><b>postBooking</b><br>Test class: testcases.PostBookingTest<br>Test method: Post booking data from BookingData.json</td>
<td></td>
<td>1</td>
<td>testcases.PostBookingTest@1c93084c</td></tr>
</table><p>
</body>
</html>